[0101/014248.890:ERROR:directory_reader_win.cc(43)] FindFirstFile: The system cannot find the path specified. (0x3)
[0101/150508.315:ERROR:process_reader_win.cc(123)] NtOpenThread: {Access Denied} A process has requested access to an object, but has not been granted those access rights. (0xc0000022)
[0101/150508.427:ERROR:process_reader_win.cc(123)] NtOpenThread: {Access Denied} A process has requested access to an object, but has not been granted those access rights. (0xc0000022)
[0101/150508.459:ERROR:exception_snapshot_win.cc(99)] thread ID 6056 not found in process
[0101/150508.459:ERROR:exception_snapshot_win.cc(99)] thread ID 13124 not found in process
[0101/150508.827:ERROR:process_reader_win.cc(123)] NtOpenThread: {Access Denied} A process has requested access to an object, but has not been granted those access rights. (0xc0000022)
[0101/150508.835:ERROR:process_reader_win.cc(123)] NtOpenThread: {Access Denied} A process has requested access to an object, but has not been granted those access rights. (0xc0000022)
[0101/150509.195:ERROR:process_reader_win.cc(123)] NtOpenThread: {Access Denied} A process has requested access to an object, but has not been granted those access rights. (0xc0000022)
[0101/150509.203:ERROR:exception_snapshot_win.cc(99)] thread ID 4988 not found in process
[0101/150509.203:ERROR:exception_snapshot_win.cc(99)] thread ID 2100 not found in process
[0101/150509.211:ERROR:exception_snapshot_win.cc(99)] thread ID 4544 not found in process
[0101/150509.203:ERROR:scoped_process_suspend.cc(40)] NtResumeProcess: An attempt was made to access an exiting process. (0xc000010a)
[0101/150509.355:ERROR:process_reader_win.cc(123)] NtOpenThread: {Access Denied} A process has requested access to an object, but has not been granted those access rights. (0xc0000022)
[0101/150509.355:ERROR:exception_snapshot_win.cc(99)] thread ID 5056 not found in process
[0101/150509.379:ERROR:process_reader_win.cc(123)] NtOpenThread: {Access Denied} A process has requested access to an object, but has not been granted those access rights. (0xc0000022)
[0101/150509.379:ERROR:exception_snapshot_win.cc(99)] thread ID 5912 not found in process
[0101/150509.395:ERROR:process_reader_win.cc(123)] NtOpenThread: {Access Denied} A process has requested access to an object, but has not been granted those access rights. (0xc0000022)
[0101/150509.395:ERROR:exception_snapshot_win.cc(99)] thread ID 13180 not found in process
[0101/150509.395:ERROR:scoped_process_suspend.cc(40)] NtResumeProcess: An attempt was made to access an exiting process. (0xc000010a)
[0101/150509.419:ERROR:process_reader_win.cc(123)] NtOpenThread: {Access Denied} A process has requested access to an object, but has not been granted those access rights. (0xc0000022)
[0101/150509.419:ERROR:exception_snapshot_win.cc(99)] thread ID 9040 not found in process
[0101/150509.419:ERROR:scoped_process_suspend.cc(40)] NtResumeProcess: An attempt was made to access an exiting process. (0xc000010a)
[0101/150509.451:ERROR:process_reader_win.cc(123)] NtOpenThread: {Access Denied} A process has requested access to an object, but has not been granted those access rights. (0xc0000022)
[0101/150509.451:ERROR:exception_snapshot_win.cc(99)] thread ID 7440 not found in process
[0101/150509.451:ERROR:process_reader_win.cc(123)] NtOpenThread: {Access Denied} A process has requested access to an object, but has not been granted those access rights. (0xc0000022)
[0101/150509.459:ERROR:exception_snapshot_win.cc(99)] thread ID 3180 not found in process
[0101/150509.483:ERROR:process_reader_win.cc(123)] NtOpenThread: {Access Denied} A process has requested access to an object, but has not been granted those access rights. (0xc0000022)
[0101/150509.483:ERROR:exception_snapshot_win.cc(99)] thread ID 840 not found in process
[0101/150509.483:ERROR:scoped_process_suspend.cc(40)] NtResumeProcess: An attempt was made to access an exiting process. (0xc000010a)
[0101/150509.491:ERROR:process_reader_win.cc(123)] NtOpenThread: {Access Denied} A process has requested access to an object, but has not been granted those access rights. (0xc0000022)
[0101/150509.491:ERROR:exception_snapshot_win.cc(99)] thread ID 9032 not found in process
[0101/150509.507:ERROR:process_reader_win.cc(123)] NtOpenThread: {Access Denied} A process has requested access to an object, but has not been granted those access rights. (0xc0000022)
[0101/150509.507:ERROR:exception_snapshot_win.cc(99)] thread ID 7524 not found in process
[0101/150509.523:ERROR:process_reader_win.cc(123)] NtOpenThread: {Access Denied} A process has requested access to an object, but has not been granted those access rights. (0xc0000022)
[0101/150509.523:ERROR:exception_snapshot_win.cc(99)] thread ID 276 not found in process
[0101/150509.523:ERROR:scoped_process_suspend.cc(40)] NtResumeProcess: An attempt was made to access an exiting process. (0xc000010a)
[0101/150509.539:ERROR:process_reader_win.cc(123)] NtOpenThread: {Access Denied} A process has requested access to an object, but has not been granted those access rights. (0xc0000022)
[0101/150509.539:ERROR:exception_snapshot_win.cc(99)] thread ID 11236 not found in process
[0101/150509.539:ERROR:scoped_process_suspend.cc(40)] NtResumeProcess: An attempt was made to access an exiting process. (0xc000010a)
[0101/150509.555:ERROR:process_reader_win.cc(123)] NtOpenThread: {Access Denied} A process has requested access to an object, but has not been granted those access rights. (0xc0000022)
[0101/150509.555:ERROR:exception_snapshot_win.cc(99)] thread ID 11608 not found in process
[0101/150509.579:ERROR:process_reader_win.cc(123)] NtOpenThread: {Access Denied} A process has requested access to an object, but has not been granted those access rights. (0xc0000022)
[0101/150509.579:ERROR:exception_snapshot_win.cc(99)] thread ID 10600 not found in process
[0101/150509.579:ERROR:scoped_process_suspend.cc(40)] NtResumeProcess: An attempt was made to access an exiting process. (0xc000010a)
[0101/150509.723:ERROR:process_reader_win.cc(123)] NtOpenThread: {Access Denied} A process has requested access to an object, but has not been granted those access rights. (0xc0000022)
[0101/150509.723:ERROR:exception_snapshot_win.cc(99)] thread ID 1180 not found in process
[0101/150509.723:ERROR:scoped_process_suspend.cc(40)] NtResumeProcess: An attempt was made to access an exiting process. (0xc000010a)
[0101/150509.731:ERROR:process_reader_win.cc(123)] NtOpenThread: {Access Denied} A process has requested access to an object, but has not been granted those access rights. (0xc0000022)
[0101/150509.731:ERROR:exception_snapshot_win.cc(99)] thread ID 8068 not found in process
[0101/150509.819:ERROR:process_info.cc(329)] VirtualQueryEx: Access is denied. (0x5)
[0101/150509.819:ERROR:process_info.cc(556)] ReadMemoryInfo failed
[0101/150509.819:ERROR:scoped_process_suspend.cc(40)] NtResumeProcess: An attempt was made to access an exiting process. (0xc000010a)
[0101/150509.891:ERROR:process_reader_win.cc(123)] NtOpenThread: {Access Denied} A process has requested access to an object, but has not been granted those access rights. (0xc0000022)
[0101/150509.891:ERROR:exception_snapshot_win.cc(99)] thread ID 7732 not found in process
[0101/150509.891:ERROR:scoped_process_suspend.cc(40)] NtResumeProcess: An attempt was made to access an exiting process. (0xc000010a)
[0101/150509.907:ERROR:process_reader_win.cc(123)] NtOpenThread: {Access Denied} A process has requested access to an object, but has not been granted those access rights. (0xc0000022)
[0101/150509.907:ERROR:exception_snapshot_win.cc(99)] thread ID 12648 not found in process
[0101/150509.907:ERROR:scoped_process_suspend.cc(40)] NtResumeProcess: An attempt was made to access an exiting process. (0xc000010a)
[0101/150509.915:ERROR:process_reader_win.cc(123)] NtOpenThread: {Access Denied} A process has requested access to an object, but has not been granted those access rights. (0xc0000022)
[0101/150509.915:ERROR:exception_snapshot_win.cc(99)] thread ID 6240 not found in process
[0101/150509.915:ERROR:scoped_process_suspend.cc(40)] NtResumeProcess: An attempt was made to access an exiting process. (0xc000010a)
